
Gurobi 6.5.1 (win64) logging started 06/06/16 15:43:42

Optimize a model with 1492 rows, 333522 columns and 4387 nonzeros
Coefficient statistics:
  Matrix range    [1e+00, 8e+02]
  Objective range [1e+00, 2e+02]
  Bounds range    [1e+00, 1e+00]
  RHS range       [1e+00, 4e+03]
Found heuristic solution: objective 1203
Presolve removed 1492 rows and 333522 columns
Presolve time: 0.17s
Presolve: All rows and columns removed

Explored 0 nodes (0 simplex iterations) in 0.38 seconds
Thread count was 1 (of 4 available processors)

Optimal solution found (tolerance 1.00e-04)
Best objective 1.203000000000e+03, best bound 1.203000000000e+03, gap 0.0%

Gurobi 6.5.1 (win64) logging started 06/06/16 15:45:39

Optimize a model with 1492 rows, 333522 columns and 4387 nonzeros
Coefficient statistics:
  Matrix range    [1e+00, 8e+02]
  Objective range [1e+00, 2e+02]
  Bounds range    [1e+00, 1e+00]
  RHS range       [1e+00, 4e+03]
Found heuristic solution: objective 1203
Presolve removed 1492 rows and 333522 columns
Presolve time: 0.18s
Presolve: All rows and columns removed

Explored 0 nodes (0 simplex iterations) in 0.32 seconds
Thread count was 1 (of 4 available processors)

Optimal solution found (tolerance 1.00e-04)
Best objective 1.203000000000e+03, best bound 1.203000000000e+03, gap 0.0%

Gurobi 6.5.1 (win64) logging started 06/06/16 15:51:39


Gurobi 6.5.1 (win64) logging started 06/06/16 15:52:23


Gurobi 6.5.1 (win64) logging started 06/06/16 17:36:33

Optimize a model with 1492 rows, 333522 columns and 4387 nonzeros
Coefficient statistics:
  Matrix range    [1e+00, 8e+02]
  Objective range [1e+00, 2e+02]
  Bounds range    [1e+00, 1e+00]
  RHS range       [1e+00, 4e+03]
Found heuristic solution: objective 1203
Presolve removed 1492 rows and 333522 columns
Presolve time: 0.06s
Presolve: All rows and columns removed

Explored 0 nodes (0 simplex iterations) in 0.12 seconds
Thread count was 1 (of 4 available processors)

Optimal solution found (tolerance 1.00e-04)
Best objective 1.203000000000e+03, best bound 1.203000000000e+03, gap 0.0%

Gurobi 6.5.1 (win64) logging started 06/07/16 11:23:50


Gurobi 6.5.1 (win64) logging started 06/07/16 11:25:38

Optimize a model with 1492 rows, 333522 columns and 4387 nonzeros
Coefficient statistics:
  Matrix range    [1e+00, 8e+02]
  Objective range [1e+00, 2e+02]
  Bounds range    [1e+00, 1e+00]
  RHS range       [1e+00, 4e+03]
Found heuristic solution: objective 1203
Presolve removed 1492 rows and 333522 columns
Presolve time: 0.12s
Presolve: All rows and columns removed

Explored 0 nodes (0 simplex iterations) in 0.19 seconds
Thread count was 1 (of 4 available processors)

Optimal solution found (tolerance 1.00e-04)
Best objective 1.203000000000e+03, best bound 1.203000000000e+03, gap 0.0%

Gurobi 6.5.1 (win64) logging started 06/07/16 11:26:38


Gurobi 6.5.1 (win64) logging started 06/07/16 11:26:56


Gurobi 6.5.1 (win64) logging started 06/07/16 11:27:06


Gurobi 6.5.1 (win64) logging started 06/07/16 11:36:32

Optimize a model with 11891 rows, 333769 columns and 36270 nonzeros
Coefficient statistics:
  Matrix range    [1e+00, 8e+02]
  Objective range [1e+00, 2e+02]
  Bounds range    [1e+00, 1e+00]
  RHS range       [1e+00, 4e+03]
Found heuristic solution: objective 1855
Presolve removed 8909 rows and 330556 columns
Presolve time: 0.37s
Presolved: 2982 rows, 3213 columns, 9437 nonzeros
Variable types: 0 continuous, 3213 integer (3213 binary)

Root relaxation: objective 0.000000e+00, 289 iterations, 0.03 seconds

    Nodes    |    Current Node    |     Objective Bounds      |     Work
 Expl Unexpl |  Obj  Depth IntInf | Incumbent    BestBd   Gap | It/Node Time

     0     0    0.00000    0  217 1855.00000    0.00000   100%     -    0s
H    0     0                    1853.0000000    0.00000   100%     -    0s
H    0     0                    1847.0000000    0.00000   100%     -    0s
H    0     0                    1785.0000000    0.00000   100%     -    0s
     0     0    1.83333    0  255 1785.00000    1.83333   100%     -    1s
H    0     0                    1473.0000000    1.83333   100%     -    1s
H    0     0                    1455.0000000    1.83333   100%     -    1s
     0     0    1.83333    0  255 1455.00000    1.83333   100%     -    1s
     0     0    3.00000    0  233 1455.00000    3.00000   100%     -    1s
H    0     0                    1398.0000000    3.00000   100%     -    1s
H    0     0                    1397.0000000    3.00000   100%     -    1s
     0     0    4.25000    0  243 1397.00000    4.25000   100%     -    1s
     0     0    7.41667    0  282 1397.00000    7.41667  99.5%     -    1s
     0     0   22.32353    0  365 1397.00000   22.32353  98.4%     -    1s
     0     0   49.86275    0  427 1397.00000   49.86275  96.4%     -    2s
     0     0   53.79866    0  434 1397.00000   53.79866  96.1%     -    2s
     0     0   69.77625    0  493 1397.00000   69.77625  95.0%     -    2s
H    0     0                    1396.0000000   69.77625  95.0%     -    2s
     0     0   74.23333    0  495 1396.00000   74.23333  94.7%     -    2s

Gurobi 6.5.1 (win64) logging started 06/07/16 11:37:01

     0     0   85.36883    0  539 1396.00000   85.36883  93.9%     -    3s
H    0     0                    1249.0000000   85.36883  93.2%     -    3s
H    0     0                    1235.0000000   85.36883  93.1%     -    3s
     0     0   87.56261    0  553 1235.00000   87.56261  92.9%     -    3s
     0     0   94.01406    0  566 1235.00000   94.01406  92.4%     -    3s
H    0     0                    1231.0000000   94.01406  92.4%     -    3s
     0     0   95.20370    0  525 1231.00000   95.20370  92.3%     -    3s
     0     0  102.33333    0  424 1231.00000  102.33333  91.7%     -    4s
     0     0  102.66667    0  426 1231.00000  102.66667  91.7%     -   10s
     0     0  107.59700    0  617 1231.00000  107.59700  91.3%     -   10s
H    0     0                    1226.0000000  107.59700  91.2%     -   10s
     0     0  110.83333    0  487 1226.00000  110.83333  91.0%     -   10s
     0     0  113.04032    0  639 1226.00000  113.04032  90.8%     -   11s
     0     0  113.66667    0  480 1226.00000  113.66667  90.7%     -   11s
     0     0  115.29209    0  660 1226.00000  115.29209  90.6%     -   11s
     0     0  116.43006    0  649 1226.00000  116.43006  90.5%     -   12s
     0     0  117.41667    0  504 1226.00000  117.41667  90.4%     -   12s
     0     0  117.58333    0  505 1226.00000  117.58333  90.4%     -   12s
     0     0  118.25000    0  505 1226.00000  118.25000  90.4%     -   12s
     0     0  118.25000    0  479 1226.00000  118.25000  90.4%     -   13s
H    0     0                    1216.0000000  118.25000  90.3%     -   14s
     0     2  118.25000    0  479 1216.00000  118.25000  90.3%     -   14s
     1     3  147.28805    1  590 1216.00000  118.33981  90.3%  1106   15s
    19    20  175.66667    8  541 1216.00000  145.06199  88.1%  1092   20s
H   60    62                    1209.0000000  145.06199  88.0%   610   22s
H   89    91                    1206.0000000  145.06199  88.0%   489   23s
H  122   122                    1175.0000000  145.06199  87.7%   400   23s
H  156   147                    1168.0000000  145.06199  87.6%   328   24s
*  186   132              59     519.0000000  145.06199  72.0%   285   24s
   214   141     cutoff   61       519.00000  147.39467  71.6%   259   25s
Changed value of parameter TimeLimit to 5400.0
   Prev: 1e+100  Min: 0.0  Max: 1e+100  Default: 1e+100
Optimize a model with 16935 rows, 406164 columns and 51519 nonzeros
Coefficient statistics:
  Matrix range    [1e+00, 9e+02]
  Objective range [1e+00, 2e+02]
  Bounds range    [1e+00, 1e+00]
  RHS range       [1e+00, 4e+03]
Found heuristic solution: objective 2719
Presolve removed 13101 rows and 403462 columns
Presolve time: 0.85s
Presolved: 3834 rows, 2702 columns, 12044 nonzeros
Found heuristic solution: objective 2632.0000000
Variable types: 0 continuous, 2702 integer (2702 binary)

Root relaxation: objective 1.673333e+02, 289 iterations, 0.05 seconds

    Nodes    |    Current Node    |     Objective Bounds      |     Work
 Expl Unexpl |  Obj  Depth IntInf | Incumbent    BestBd   Gap | It/Node Time

     0     0  167.33333    0  240 2632.00000  167.33333  93.6%     -    1s
H    0     0                    2445.0000000  167.33333  93.2%     -    1s
H    0     0                    2343.0000000  167.33333  92.9%     -    1s
     0     0  191.00000    0  249 2343.00000  191.00000  91.8%     -    1s
H    0     0                    2338.0000000  191.00000  91.8%     -    1s
     0     0  208.00000    0  258 2338.00000  208.00000  91.1%     -    1s
H    0     0                    2236.0000000  208.00000  90.7%     -    1s
H    0     0                    2221.0000000  208.00000  90.6%     -    1s
     0     0  208.00000    0  259 2221.00000  208.00000  90.6%     -    1s
     0     0  217.75000    0  305 2221.00000  217.75000  90.2%     -    2s
H    0     0                    2066.0000000  217.75000  89.5%     -    2s
H    0     0                    2046.0000000  217.75000  89.4%     -    2s
     0     0  219.16667    0  297 2046.00000  219.16667  89.3%     -    2s
     0     0  229.66667    0  371 2046.00000  229.66667  88.8%     -    2s
H    0     0                    1840.0000000  229.66667  87.5%     -    2s
H    0     0                    1702.0000000  229.66667  86.5%     -    2s
     0     0  232.06250    0  404 1702.00000  232.06250  86.4%     -    2s
     0     0  251.30556    0  405 1702.00000  251.30556  85.2%     -    2s
H    0     0                    1692.0000000  251.30556  85.1%     -    3s
     0     0  254.86111    0  462 1692.00000  254.86111  84.9%     -    3s
     0     0  264.80882    0  495 1692.00000  264.80882  84.3%     -    3s
H    0     0                    1679.0000000  264.80882  84.2%     -    3s
     0     0  267.38655    0  505 1679.00000  267.38655  84.1%     -    3s
     0     0  282.70593    0  533 1679.00000  282.70593  83.2%     -    4s
     0     0  284.89583    0  515 1679.00000  284.89583  83.0%     -    4s
     0     0  296.32500    0  556 1679.00000  296.32500  82.4%     -    4s
H    0     0                    1637.0000000  296.32500  81.9%     -    4s
     0     0  299.82857    0  590 1637.00000  299.82857  81.7%     -    4s
     0     0  309.67816    0  610 1637.00000  309.67816  81.1%     -    5s
     0     0  311.11979    0  596 1637.00000  311.11979  81.0%     -    5s
     0     0  315.75919    0  630 1637.00000  315.75919  80.7%     -    6s
H    0     0                    1558.0000000  315.75919  79.7%     -    6s
H    0     0                    1486.0000000  315.75919  78.8%     -    6s
     0     0  316.83951    0  634 1486.00000  316.83951  78.7%     -    6s
     0     0  321.42970    0  651 1486.00000  321.42970  78.4%     -    6s
H    0     0                    1468.0000000  321.42970  78.1%     -    6s
     0     0  322.41719    0  657 1468.00000  322.41719  78.0%     -    6s
     0     0  325.33489    0  649 1468.00000  325.33489  77.8%     -    7s
     0     0  327.05660    0  671 1468.00000  327.05660  77.7%     -    7s
     0     0  328.19281    0  690 1468.00000  328.19281  77.6%     -    7s
     0     0  328.93684    0  689 1468.00000  328.93684  77.6%     -    8s
   215   141  217.68579    3  662  519.00000  147.39467  71.6%   265   34s
     0     0  332.22068    0  685 1468.00000  332.22068  77.4%     -    8s
     0     0  332.78008    0  703 1468.00000  332.78008  77.3%     -    8s
     0     0  333.50354    0  699 1468.00000  333.50354  77.3%     -    9s
     0     0  333.50354    0  664 1468.00000  333.50354  77.3%     -    9s
   217   143  281.63576    4  698  519.00000  147.39467  71.6%   273   35s
     0     2  333.50354    0  663 1468.00000  333.50354  77.3%     -   10s
H   28    29                    1378.0000000  343.64479  75.1%   353   13s
   257   181  461.50000   12  492  519.00000  147.39467  71.6%   310   40s
    82    82  489.06250   26  453 1378.00000  343.64479  75.1%   251   15s
H   83    82                    1361.0000000  343.64479  74.8%   248   15s
H  112   114                    1334.0000000  343.64479  74.2%   216   15s
H  113   114                    1331.0000000  343.64479  74.2%   218   15s
H  135   127                    1128.0000000  343.64479  69.5%   205   15s
H  140   139                    1108.0000000  343.64479  69.0%   201   16s
H  145   142                     966.0000000  343.64479  64.4%   196   16s
H  178   177                     930.0000000  343.64479  63.0%   170   16s
H  212   202                     913.0000000  343.64479  62.4%   149   16s
H  293   269                     907.0000000  343.64479  62.1%   125   17s
   326   229  295.00000    7  475  519.00000  149.99976  71.1%   324   45s
   338   318  402.72602   16  593  907.00000  344.75242  62.0%   142   20s
H  347   325                     895.0000000  344.75242  61.5%   146   20s
H  440   381                     863.0000000  344.75242  60.1%   147   22s
H  475   353                     807.0000000  344.75242  57.3%   142   23s
H  510   345                     789.0000000  349.55800  55.7%   139   24s
   428   323  504.00000   33  483  519.00000  163.49074  68.5%   328   50s
   518   354  406.24818    6  639  789.00000  349.55800  55.7%   147   25s
H  539   355                     779.0000000  349.55800  55.1%   154   26s
   503   363  323.75000    8  522  519.00000  183.98743  64.5%   339   55s
   696   494  477.80000   27  446  779.00000  349.55800  55.1%   147   30s
H  699   494                     777.0000000  349.55800  55.0%   147   30s
   615   441  484.82143   31  491  519.00000  190.95902  63.2%   331   60s
   740   534  622.58333   26  631  777.00000  349.55800  55.0%   153   35s
   746   544  488.91667   31  479  519.00000  190.95902  63.2%   318   65s
   743   536  543.55000   30  691  777.00000  370.40504  52.3%   152   40s
   753   549  388.17969    9  648  519.00000  190.95902  63.2%   315   71s
   746   538  607.28125   39  748  777.00000  388.82302  50.0%   152   45s
   757   551  382.75000   10  749  519.00000  193.93839  62.6%   313   75s
   749   540  684.41667   37  748  777.00000  405.71906  47.8%   151   51s
   761   554  360.63178   13  796  519.00000  221.40677  57.3%   312   81s
   751   541  764.33333   53  760  777.00000  412.96592  46.9%   151   55s
   765   557  461.83333   25  851  519.00000  248.28028  52.2%   310   86s
   754   543  516.51225   29  814  777.00000  418.37950  46.2%   150   60s
   769   559  390.95833   24  891  519.00000  260.31030  49.8%   308   91s
   756   545  456.57292   23  830  777.00000  424.33651  45.4%   150   65s
   773   562  388.17969    9  925  519.00000  269.23385  48.1%   307   95s
   759   547  503.37500   21  827  777.00000  434.16627  44.1%   149   72s
   779   566  462.16667   25  937  519.00000  279.24636  46.2%   305  101s
   761   548  440.40335    8  822  777.00000  440.40335  43.3%   149   76s
   783   569  496.50000   16  957  519.00000  286.01708  44.9%   303  105s
   763   549  543.55000   30  820  777.00000  444.04300  42.9%   148   80s
   788   574  288.41680   12  887  519.00000  287.63614  44.6%   358  110s
   766   551  607.28125   39  879  777.00000  449.60842  42.1%   148   86s
   795   581  297.61286   15  844  519.00000  297.61286  42.7%   369  115s
   768   553  511.10208   17  868  777.00000  452.05062  41.8%   147   90s
   802   588  314.78736   16  849  519.00000  297.88843  42.6%   386  120s
   770   554  593.16667   29  891  777.00000  455.25653  41.4%   147   96s
   817   591  392.90131   18  867  519.00000  297.88843  42.6%   415  125s
   771   555  764.33333   53  831  777.00000  458.77818  41.0%   147  101s
   839   594  361.27025   19  883  519.00000  297.88843  42.6%   441  134s
   773   556  491.69167   13  848  777.00000  461.24009  40.6%   147  108s
   774   557  516.51225   29  867  777.00000  461.78909  40.6%   146  111s
   846   598  362.32349   20  895  519.00000  297.88843  42.6%   467  137s
   854   603  403.38661   21  873  519.00000  297.88843  42.6%   484  141s
   776   558  464.08954   23  891  777.00000  464.08954  40.3%   146  115s
   860   608  407.43739   22  860  519.00000  297.88843  42.6%   500  145s
   779   560  503.37500   21  898  777.00000  468.77638  39.7%   145  122s
   873   614  410.03431   24  845  519.00000  297.88843  42.6%   519  150s
   781   561  470.49464    8  901  777.00000  470.49464  39.4%   145  125s
H  911   607                     518.0000000  297.88843  42.5%   546  154s
H  782   533                     767.0000000  472.55736  38.4%   145  129s
   784   534  578.50000   27  929  767.00000  473.07843  38.3%   144  130s
   915   608  423.98490   31  800  518.00000  297.88843  42.5%   548  158s
   953   626  437.96061   36  795  518.00000  297.88843  42.5%   553  162s
   787   536  665.92188   34  890  767.00000  476.66812  37.9%   144  136s
   976   643  469.00000   44  581  518.00000  297.88843  42.5%   564  165s
   789   538  684.41667   37  904  767.00000  479.10394  37.5%   144  142s
   791   539  764.33333   53  917  767.00000  481.12887  37.3%   143  146s
  1016   647  371.33395   17  965  518.00000  300.80304  41.9%   587  173s
   793   540  491.69167   13  937  767.00000  482.02937  37.2%   143  151s
  1029   659  400.12646   18  900  518.00000  300.80304  41.9%   607  177s
   795   542  483.54695   17  938  767.00000  483.54695  37.0%   142  155s
  1058   672  372.93184   18  962  518.00000  300.80304  41.9%   610  185s
   798   544  486.72525   16  959  767.00000  486.72525  36.5%   142  161s
   799   544  503.37500   21  915  767.00000  488.46151  36.3%   142  165s
  1135   708  409.51271   19  889  518.00000  300.80304  41.9%   631  193s
   801   546  490.79004    8  930  767.00000  490.79004  36.0%   141  170s
  1192   725  409.49881   20  908  518.00000  300.80304  41.9%   629  198s
H 1197   706                     516.0000000  300.80304  41.7%   629  198s
   803   547  543.55000   30  918  767.00000  493.78664  35.6%   141  175s
  1236   695  415.84269   23  927  516.00000  300.80304  41.7%   630  203s
H  804   519                     765.0000000  499.49109  34.7%   141  181s
  1272   707  486.52778   25  823  516.00000  300.80304  41.7%   642  208s
   807   521  665.92188   34  941  765.00000  503.42350  34.2%   140  186s
  1328   739  510.65132   44  790  516.00000  345.39485  33.1%   643  214s
   809   522  684.41667   37  969  765.00000  506.55004  33.8%   140  191s
  1357   742  406.79155   17  936  516.00000  351.30741  31.9%   653  219s
   811   523  764.33333   53  925  765.00000  510.88812  33.2%   140  198s
  1388   747  508.96719   24  818  516.00000  353.52985  31.5%   666  226s
   813   525  513.18737   13  975  765.00000  513.18737  32.9%   139  202s
   815   526  515.16750   17  964  765.00000  515.16750  32.7%   139  207s
  1426   745  465.93486   20  914  516.00000  354.38143  31.3%   674  233s
   817   527  517.19459    4  989  765.00000  517.19459  32.4%   139  211s
  1493   775  417.75058   19  900  516.00000  362.28991  29.8%   672  240s
   819   529  518.46991   21  983  765.00000  518.46991  32.2%   138  216s
   821   530  519.88632    8  982  765.00000  519.88632  32.0%   138  220s
  1562   785  406.13253   18  933  516.00000  366.61657  29.0%   671  247s
   824   532  578.50000   27 1044  765.00000  521.29420  31.9%   137  226s
  1608   792  417.76296   19  959  516.00000  369.74119  28.3%   678  255s
   827   534  665.92188   34 1023  765.00000  523.02802  31.6%   137  232s
  1661   789  434.33555   21  939  516.00000  369.74119  28.3%   685  261s
   829   535  684.41667   37 1000  765.00000  523.94728  31.5%   137  237s
   831   537  764.33333   53  998  765.00000  525.10772  31.4%   136  242s
  1727   805     cutoff   30       516.00000  389.11364  24.6%   688  269s
   833   538  525.89799   13 1021  765.00000  525.89799  31.3%   136  247s
  1805   806  434.41462   19  990  516.00000  391.01118  24.2%   680  276s
   835   539  526.78236   17 1014  765.00000  526.78236  31.1%   136  251s
   837   541  527.56784    4 1022  765.00000  527.56784  31.0%   135  256s
  1873   804  437.66756   23  947  516.00000  392.94928  23.8%   684  285s
   840   543  622.58333   26 1072  765.00000  528.25605  30.9%   135  261s
   842   544  610.12500   38 1068  765.00000  528.62671  30.9%   135  266s
  1933   810  468.70800   20  922  516.00000  394.01506  23.6%   692  294s
   845   546  529.57907   27 1033  765.00000  529.57907  30.8%   134  272s
   847   547  665.92188   34 1038  765.00000  530.25984  30.7%   134  276s
  2011   815  503.07359   23  935  516.00000  395.15232  23.4%   698  305s
H 2049   789                     515.0000000  397.43045  22.8%   698  305s
   850   549  593.16667   29 1114  765.00000  530.69555  30.6%   133  280s
   852   551  531.20796   13 1086  765.00000  531.20796  30.6%   133  285s
  2050   782  474.05365   22  864  515.00000  398.10714  22.7%   698  314s
   855   553  531.63092   17 1046  765.00000  531.63092  30.5%   132  293s
   856   553  531.66742   23 1107  765.00000  531.66742  30.5%   132  295s
  2158   783     cutoff   25       515.00000  400.16417  22.3%   693  322s
   859   555  532.18322   21 1044  765.00000  532.18322  30.4%   132  301s
   861   557  532.39814    8 1065  765.00000  532.39814  30.4%   132  305s
  2234   764  465.28139   23  817  515.00000  400.74004  22.2%   698  332s
   864   559  578.50000   27 1106  765.00000  532.58381  30.4%   131  311s
   866   560  607.28125   39 1105  765.00000  532.88870  30.3%   131  315s
  2354   830  480.71396   26  797  515.00000  401.78626  22.0%   694  342s
   869   562  684.41667   37 1047  765.00000  533.36462  30.3%   130  322s
  2419   842  509.19444   25  759  515.00000  402.94347  21.8%   704  352s
   871   563  764.33333   53 1046  765.00000  533.79408  30.2%   130  326s
   873   565  534.11823   13 1056  765.00000  534.11823  30.2%   130  331s
   875   566  534.23867   17 1062  765.00000  534.23867  30.2%   129  336s
  2495   847  494.29054   22  814  515.00000  403.82978  21.6%   710  363s
   877   567  534.39085    4 1051  765.00000  534.39085  30.1%   129  340s
   879   569  534.97094   21 1038  765.00000  534.97094  30.1%   129  345s
   882   571  610.12500   38 1108  765.00000  535.43901  30.0%   128  350s
   886   573  607.28125   39 1105  765.00000  536.77268  29.8%   128  356s
  2570   868  509.84716   20  935  515.00000  406.15678  21.1%   720  385s
H 2588   836                     509.0000000  406.15678  20.2%   720  385s
   888   575  537.14413   17 1122  765.00000  537.14413  29.8%   128  360s
   890   576  593.16667   29 1147  765.00000  537.40972  29.8%   127  365s
   892   577  537.73395   13 1132  765.00000  537.73395  29.7%   127  370s
  2605   829  502.23694   21  920  509.00000  406.64001  20.1%   725  397s
   894   579  538.03517   29 1146  765.00000  538.03517  29.7%   127  375s
   897   581  538.53149    4 1085  765.00000  538.53149  29.6%   126  382s
  2666   836  465.40531   21  942  509.00000  409.19394  19.6%   736  409s
   899   582  538.85849   21 1086  765.00000  538.85849  29.6%   126  386s
   901   583  539.21995    8 1087  765.00000  539.21995  29.5%   126  392s
   903   585  543.55000   30 1079  765.00000  539.78375  29.4%   125  397s
  2750   844     cutoff   23       509.00000  409.60993  19.5%   743  423s
   905   586  540.33553   27 1088  765.00000  540.33553  29.4%   125  402s
   906   587  607.28125   39 1136  765.00000  540.45076  29.4%   125  405s
   908   588  540.75185   17 1133  765.00000  540.75185  29.3%   125  411s
  2877   867  466.14947   24  959  509.00000  411.90093  19.1%   742  439s
   910   589  593.16667   29 1144  765.00000  540.99852  29.3%   124  415s
   912   591  541.54780   13 1122  765.00000  541.54780  29.2%   124  420s
   914   592  541.86836   29 1134  765.00000  541.86836  29.2%   124  425s
  2974   886  473.17260   20  909  509.00000  413.91000  18.7%   748  454s
   916   593  542.19869   23 1171  765.00000  542.19869  29.1%   124  430s
   918   595  542.65464   16 1155  765.00000  542.65464  29.1%   123  436s
   920   596  622.58333   26 1162  765.00000  542.88052  29.0%   123  442s
  3059   876  497.15000   25  726  509.00000  416.49351  18.2%   757  471s
   922   597  610.12500   38 1167  765.00000  543.16348  29.0%   123  446s
   923   598  543.55000   30 1112  765.00000  543.40574  29.0%   123  451s
   925   599  544.02620   27 1108  765.00000  544.02620  28.9%   122  458s
   926   600  607.28125   39 1135  765.00000  544.21076  28.9%   122  460s
  3183   902  498.25104   22  889  509.00000  418.39883  17.8%   759  489s
   928   601  544.71616   17 1139  765.00000  544.71616  28.8%   122  466s
   930   603  593.16667   29 1139  765.00000  545.25905  28.7%   122  471s
   932   604  545.47640   13 1169  765.00000  545.47640  28.7%   122  476s
   933   605  545.97240   13 1091  765.00000  545.97240  28.6%   121  480s
   935   606  546.49752   17 1103  765.00000  546.49752  28.6%   121  485s
  3330   939     cutoff   22       509.00000  421.00400  17.3%   758  512s
H 3359   932                     508.0000000  421.00400  17.1%   755  512s
   941   612  546.49752    8  707  765.00000  546.49752  28.6%   304  493s
   942   612  610.12500   38  877  765.00000  546.49752  28.6%   304  501s
  3392   921 infeasible   24       508.00000  421.21663  17.1%   755  531s
   943   613  546.49752   30  935  765.00000  546.49752  28.6%   304  507s
   944   614  578.50000   27  952  765.00000  546.49752  28.6%   303  512s
   945   614  546.49752   27  989  765.00000  546.49752  28.6%   303  516s
   946   615  607.28125   39  993  765.00000  546.49752  28.6%   303  520s
  3553   947     cutoff   25       508.00000  422.43274  16.8%   753  551s
   948   616  546.94045   17 1016  765.00000  546.94045  28.5%   302  525s
   950   618  593.16667   29 1025  765.00000  547.44816  28.4%   301  531s
   952   619  547.87751   13 1033  765.00000  547.87751  28.4%   301  537s
   954   620  548.33383   29 1052  765.00000  548.33383  28.3%   300  542s
   955   621  548.47095   17 1077  765.00000  548.47095  28.3%   300  545s
  3695   966     cutoff   22       508.00000  425.50897  16.2%   757  571s
   957   622  548.88701    4 1067  765.00000  548.88701  28.3%   299  550s
   959   624  549.34145   21 1075  765.00000  549.34145  28.2%   299  556s
   960   624  622.58333   26 1044  765.00000  549.50715  28.2%   298  560s
   962   626  610.12500   38 1051  765.00000  549.84760  28.1%   298  566s
  3847   973  493.45229   29  801  508.00000  429.47144  15.5%   758  594s
   964   627  578.50000   27 1038  765.00000  550.15354  28.1%   297  571s
   966   628  607.28125   39 1076  765.00000  550.47108  28.0%   296  578s
   967   629  665.92188   34 1073  765.00000  550.53689  28.0%   296  581s
   969   630  684.41667   37 1089  765.00000  550.76386  28.0%   295  586s
   971   632  764.33333   53 1113  765.00000  550.91985  28.0%   295  591s
  4006   994  476.21950   22  959  508.00000  431.31232  15.1%   760  621s
   973   633  550.97105   13 1068  765.00000  550.97105  28.0%   294  596s
   974   634  550.97105   29 1068  765.00000  550.97105  28.0%   294  601s
   976   637  552.49971   24  981  765.00000  551.51705  27.9%   328  605s
   978   638  555.68738   25  950  765.00000  551.88033  27.9%   331  611s
   980   640  556.58957   26  923  765.00000  552.51105  27.8%   333  615s
  4164   992  461.42610   26  805  508.00000  434.23761  14.5%   764  647s
   981   638  558.53529   27  927  765.00000  552.51105  27.8%   339  622s
   982   643  553.73746   27  940  765.00000  552.51105  27.8%   339  629s
   985   644  554.25291   28  966  765.00000  552.84958  27.7%   343  639s
   991   654  587.13445   29  900  765.00000  555.70227  27.4%   359  649s
   999   655  558.53192   30  983  765.00000  555.72403  27.4%   369  661s
  4396  1018  495.69565   34  788  508.00000  436.77336  14.0%   757  694s
H 4430   979                     504.0000000  437.23052  13.2%   756  694s
  1007   661  560.03426   32  946  765.00000  555.72403  27.4%   382  676s
  1015   660  560.67116   33  951  765.00000  555.72403  27.4%   408  691s
  4485   972     cutoff   25       504.00000  437.59813  13.2%   754  733s
  1035   675  561.42182   36  959  765.00000  555.72403  27.4%   426  707s
  1052   683  563.19498   38  951  765.00000  555.72403  27.4%   445  729s
  1074   702  565.41334   41  926  765.00000  555.72403  27.4%   464  744s

Gurobi 6.5.1 (win64) logging started 06/07/16 16:08:56

