
Gurobi 6.5.1 (mac64) logging started Thu May 19 14:45:41 2016

Optimize a model with 11891 rows, 333769 columns and 36270 nonzeros
Coefficient statistics:
  Matrix range    [1e+00, 8e+02]
  Objective range [1e+00, 2e+02]
  Bounds range    [1e+00, 1e+00]
  RHS range       [1e+00, 4e+03]
Found heuristic solution: objective 1855
Presolve removed 8909 rows and 330556 columns
Presolve time: 0.25s
Presolved: 2982 rows, 3213 columns, 9437 nonzeros
Variable types: 0 continuous, 3213 integer (3213 binary)

Root relaxation: objective 0.000000e+00, 289 iterations, 0.02 seconds

    Nodes    |    Current Node    |     Objective Bounds      |     Work
 Expl Unexpl |  Obj  Depth IntInf | Incumbent    BestBd   Gap | It/Node Time

     0     0    0.00000    0  217 1855.00000    0.00000   100%     -    0s
H    0     0                    1853.0000000    0.00000   100%     -    0s
H    0     0                    1847.0000000    0.00000   100%     -    0s
H    0     0                    1785.0000000    0.00000   100%     -    0s
     0     0    1.83333    0  255 1785.00000    1.83333   100%     -    0s
H    0     0                    1548.0000000    1.83333   100%     -    0s
H    0     0                    1507.0000000    1.83333   100%     -    0s
     0     0    1.83333    0  249 1507.00000    1.83333   100%     -    0s
     0     0    3.00000    0  235 1507.00000    3.00000   100%     -    0s
     0     0    4.00000    0  232 1507.00000    4.00000   100%     -    0s
     0     0    6.25000    0  268 1507.00000    6.25000   100%     -    0s
     0     0    6.50000    0  248 1507.00000    6.50000   100%     -    0s
     0     0    9.50000    0  256 1507.00000    9.50000  99.4%     -    0s
     0     0   25.50000    0  356 1507.00000   25.50000  98.3%     -    1s
     0     0   43.61538    0  406 1507.00000   43.61538  97.1%     -    1s
H    0     0                    1314.0000000   43.61538  96.7%     -    1s
H    0     0                    1308.0000000   43.61538  96.7%     -    1s
     0     0   46.55556    0  400 1308.00000   46.55556  96.4%     -    1s
     0     0   60.43333    0  414 1308.00000   60.43333  95.4%     -    1s
     0     0   62.50000    0  421 1308.00000   62.50000  95.2%     -    1s
     0     0   77.00000    0  478 1308.00000   77.00000  94.1%     -    1s
H    0     0                    1259.0000000   77.00000  93.9%     -    1s
H    0     0                    1227.0000000   77.00000  93.7%     -    1s
     0     0   80.33333    0  403 1227.00000   80.33333  93.5%     -    1s
     0     0   93.24211    0  550 1227.00000   93.24211  92.4%     -    2s
H    0     0                    1225.0000000   93.24211  92.4%     -    2s
     0     0   96.51786    0  559 1225.00000   96.51786  92.1%     -    2s
     0     0  105.33554    0  607 1225.00000  105.33554  91.4%     -    2s
H    0     0                    1217.0000000  105.33554  91.3%     -    2s
     0     0  108.54316    0  617 1217.00000  108.54316  91.1%     -    2s
     0     0  117.93989    0  649 1217.00000  117.93989  90.3%     -    2s
H    0     0                    1202.0000000  117.93989  90.2%     -    2s
H    0     0                    1178.0000000  117.93989  90.0%     -    2s
     0     0  119.50000    0  464 1178.00000  119.50000  89.9%     -    2s
     0     0  127.04882    0  665 1178.00000  127.04882  89.2%     -    3s
H    0     0                    1168.0000000  127.04882  89.1%     -    3s
     0     0  128.27778    0  523 1168.00000  128.27778  89.0%     -    3s
     0     0  130.68801    0  694 1168.00000  130.68801  88.8%     -    3s
H    0     0                    1101.0000000  130.68801  88.1%     -    3s
H    0     0                    1046.0000000  130.68801  87.5%     -    3s
     0     0  130.83333    0  496 1046.00000  130.83333  87.5%     -    3s
     0     0  133.50000    0  494 1046.00000  133.50000  87.2%     -    3s
     0     0  134.16667    0  490 1046.00000  134.16667  87.2%     -    3s
     0     0  134.65001    0  713 1046.00000  134.65001  87.1%     -    3s
     0     0  134.65001    0  683 1046.00000  134.65001  87.1%     -    3s
     0     2  134.65001    0  678 1046.00000  134.65001  87.1%     -    4s
     6     7  232.28105    4  627 1046.00000  149.97685  85.7%   803    5s
H   56    57                     986.0000000  149.97685  84.8%   522    8s
H   64    58                     782.0000000  149.97685  80.8%   477    8s
H   85    86                     673.0000000  149.97685  77.7%   398    8s
H  119   112                     664.0000000  149.97685  77.4%   308    8s
*  150   128              62     560.0000000  160.95833  71.3%   254    9s
   168   145  275.61413    4  674  560.00000  160.95833  71.3%   244   10s
   268   237  330.19792    5  718  560.00000  163.94114  70.7%   301   15s
   386   328  453.60227   18  556  560.00000  163.94114  70.7%   314   20s
   564   444  302.33931    5  725  560.00000  236.31250  57.8%   287   25s
   684   532  428.50000   23  554  560.00000  236.31250  57.8%   292   30s
   748   596  368.83333   10  659  560.00000  236.31250  57.8%   282   35s
   752   599  407.56250   10  782  560.00000  236.31250  57.8%   280   41s
   756   601  449.99219   11  848  560.00000  236.31250  57.8%   279   45s
   760   604  538.00000   38  904  560.00000  241.93585  56.8%   277   50s
   765   607  408.46429   11  921  560.00000  261.36498  53.3%   275   55s
   769   610  354.48333   13  926  560.00000  276.54197  50.6%   274   60s
   774   613  302.88872    5  987  560.00000  289.53892  48.3%   272   65s
   782   621  298.35184   14  838  560.00000  294.48911  47.4%   334   70s
   792   629  306.12627   17  900  560.00000  297.92356  46.8%   353   77s
   807   640  335.06842   19  874  560.00000  297.96578  46.8%   391   83s
   817   645  331.06408   20  843  560.00000  297.96578  46.8%   403   86s
   845   663  391.12500   23  774  560.00000  297.96578  46.8%   440   92s
   860   670  402.32639   24  802  560.00000  297.96578  46.8%   449   96s
H  886   635                     558.0000000  297.96578  46.6%   447   96s
*  889   604              38     522.0000000  297.96578  42.9%   447   96s
   902   624  446.18304   27  766  522.00000  298.41801  42.8%   453  101s
   951   654  331.51582   15  950  522.00000  298.52530  42.8%   455  109s
   979   656  351.61398   16  918  522.00000  298.52530  42.8%   467  116s
H  983   625                     515.0000000  298.52530  42.0%   476  116s
  1024   638  379.65907   17  911  515.00000  298.52530  42.0%   472  121s
  1033   642  399.32724   16  924  515.00000  298.52530  42.0%   493  125s
  1077   644  394.29124   19  916  515.00000  298.52530  42.0%   514  133s
  1081   652  393.56441   19  904  515.00000  298.52530  42.0%   526  137s
  1090   648  411.62291   18  960  515.00000  298.52530  42.0%   549  140s
  1139   657  410.30371   26  888  515.00000  298.52530  42.0%   567  149s
H 1178   626                     510.0000000  298.52530  41.5%   560  149s
  1196   664  463.60109   35  874  510.00000  298.52530  41.5%   571  153s
H 1205   630                     509.0000000  298.52530  41.4%   572  153s
  1213   621  465.89318   36  866  509.00000  313.50609  38.4%   585  159s
  1254   638  331.37903   16  997  509.00000  313.56642  38.4%   597  163s
  1275   639  370.44233   18  957  509.00000  313.56642  38.4%   611  166s
  1285   640  398.95017   19  924  509.00000  313.56642  38.4%   619  171s
  1337   651  491.50000   35  558  509.00000  316.81881  37.8%   625  175s
  1379   649  409.47998   20  962  509.00000  342.73187  32.7%   634  180s
  1434   659  426.60027   18  976  509.00000  344.34150  32.3%   641  186s
  1479   659  394.22776   18 1031  509.00000  352.70905  30.7%   651  193s
  1507   668  467.06546   18 1013  509.00000  352.70905  30.7%   664  200s
  1543   662  463.39363   21  959  509.00000  352.70905  30.7%   677  206s
  1576   661  492.00182   24  838  509.00000  365.01293  28.3%   693  213s
  1610   647  489.60320   21  909  509.00000  365.01293  28.3%   711  221s
  1636   637     cutoff   20       509.00000  369.13382  27.5%   719  230s
  1683   630  456.94149   19  988  509.00000  371.83987  26.9%   740  239s
  1749   633  435.60030   20  954  509.00000  373.14227  26.7%   748  246s
  1850   648  504.02927   23  922  509.00000  374.51011  26.4%   740  254s
  1922   640  504.38211   24  885  509.00000  381.76022  25.0%   747  263s
  2002   643  460.62500   22  837  509.00000  383.12726  24.7%   743  275s
  2089   651  449.96579   21  899  509.00000  385.21014  24.3%   750  284s
  2212   661  485.12838   24  873  509.00000  387.24563  23.9%   742  295s
H 2259   652                     504.0000000  387.24563  23.2%   741  295s
  2295   668     cutoff   23       504.00000  387.24563  23.2%   735  304s

Cutting planes:
  Gomory: 6
  MIR: 462
  Flow cover: 574
  Zero half: 888

Explored 2356 nodes (1759862 simplex iterations) in 304.03 seconds
Thread count was 4 (of 4 available processors)

Solve interrupted
Best objective 5.040000000000e+02, best bound 3.930000000000e+02, gap 22.0238%

Gurobi 6.5.1 (mac64) logging started Thu May 19 15:39:15 2016

Optimize a model with 11891 rows, 333769 columns and 36270 nonzeros
Coefficient statistics:
  Matrix range    [1e+00, 8e+02]
  Objective range [1e+00, 2e+02]
  Bounds range    [1e+00, 1e+00]
  RHS range       [1e+00, 4e+03]
Found heuristic solution: objective 1855
Presolve removed 8909 rows and 330556 columns
Presolve time: 0.18s
Presolved: 2982 rows, 3213 columns, 9437 nonzeros
Variable types: 0 continuous, 3213 integer (3213 binary)

Root relaxation: objective 0.000000e+00, 289 iterations, 0.01 seconds

    Nodes    |    Current Node    |     Objective Bounds      |     Work
 Expl Unexpl |  Obj  Depth IntInf | Incumbent    BestBd   Gap | It/Node Time

     0     0    0.00000    0  217 1855.00000    0.00000   100%     -    0s
H    0     0                    1853.0000000    0.00000   100%     -    0s
H    0     0                    1847.0000000    0.00000   100%     -    0s
H    0     0                    1785.0000000    0.00000   100%     -    0s
     0     0    1.83333    0  255 1785.00000    1.83333   100%     -    0s
H    0     0                    1548.0000000    1.83333   100%     -    0s
H    0     0                    1507.0000000    1.83333   100%     -    0s
     0     0    1.83333    0  249 1507.00000    1.83333   100%     -    0s
     0     0    3.00000    0  235 1507.00000    3.00000   100%     -    0s
     0     0    4.00000    0  232 1507.00000    4.00000   100%     -    0s
     0     0    6.25000    0  268 1507.00000    6.25000   100%     -    0s
     0     0    6.50000    0  248 1507.00000    6.50000   100%     -    0s
     0     0    9.50000    0  256 1507.00000    9.50000  99.4%     -    0s
     0     0   25.50000    0  356 1507.00000   25.50000  98.3%     -    0s
     0     0   43.61538    0  406 1507.00000   43.61538  97.1%     -    0s
H    0     0                    1314.0000000   43.61538  96.7%     -    0s
H    0     0                    1308.0000000   43.61538  96.7%     -    0s
     0     0   46.55556    0  400 1308.00000   46.55556  96.4%     -    0s
     0     0   60.43333    0  414 1308.00000   60.43333  95.4%     -    1s
     0     0   62.50000    0  421 1308.00000   62.50000  95.2%     -    1s
     0     0   77.00000    0  478 1308.00000   77.00000  94.1%     -    1s
H    0     0                    1259.0000000   77.00000  93.9%     -    1s
H    0     0                    1227.0000000   77.00000  93.7%     -    1s
     0     0   80.33333    0  403 1227.00000   80.33333  93.5%     -    1s
     0     0   93.24211    0  550 1227.00000   93.24211  92.4%     -    1s
H    0     0                    1225.0000000   93.24211  92.4%     -    1s
     0     0   96.51786    0  559 1225.00000   96.51786  92.1%     -    1s
     0     0  105.33554    0  607 1225.00000  105.33554  91.4%     -    1s
H    0     0                    1217.0000000  105.33554  91.3%     -    1s
     0     0  108.54316    0  617 1217.00000  108.54316  91.1%     -    1s
     0     0  117.93989    0  649 1217.00000  117.93989  90.3%     -    1s
H    0     0                    1202.0000000  117.93989  90.2%     -    1s
H    0     0                    1178.0000000  117.93989  90.0%     -    1s
     0     0  119.50000    0  464 1178.00000  119.50000  89.9%     -    1s
     0     0  127.04882    0  665 1178.00000  127.04882  89.2%     -    2s
H    0     0                    1168.0000000  127.04882  89.1%     -    2s
     0     0  128.27778    0  523 1168.00000  128.27778  89.0%     -    2s
     0     0  130.68801    0  694 1168.00000  130.68801  88.8%     -    2s
H    0     0                    1101.0000000  130.68801  88.1%     -    2s
H    0     0                    1046.0000000  130.68801  87.5%     -    2s
     0     0  130.83333    0  496 1046.00000  130.83333  87.5%     -    2s
     0     0  133.50000    0  494 1046.00000  133.50000  87.2%     -    2s
     0     0  134.16667    0  490 1046.00000  134.16667  87.2%     -    2s
     0     0  134.65001    0  713 1046.00000  134.65001  87.1%     -    2s
     0     0  134.65001    0  683 1046.00000  134.65001  87.1%     -    2s
     0     2  134.65001    0  678 1046.00000  134.65001  87.1%     -    3s
    28    29  342.37500   10  580 1046.00000  149.97685  85.7%   688    5s
H   56    57                     986.0000000  149.97685  84.8%   522    5s
H   64    58                     782.0000000  149.97685  80.8%   477    5s
H   85    86                     673.0000000  149.97685  77.7%   398    6s
H  119   112                     664.0000000  149.97685  77.4%   308    6s
*  150   128              62     560.0000000  160.95833  71.3%   254    6s
   259   228  258.69056    5  722  560.00000  163.94114  70.7%   292   10s
   452   388  549.25000   30  529  560.00000  179.16667  68.0%   299   15s
   643   496  328.50000   10  557  560.00000  236.31250  57.8%   287   20s
   749   597  354.48333   13  692  560.00000  236.31250  57.8%   281   25s
   755   601  480.53125   39  808  560.00000  236.31250  57.8%   279   30s
   762   605  307.91129    9  895  560.00000  249.69801  55.4%   277   35s
   769   610  354.48333   13  926  560.00000  276.54197  50.6%   274   40s
   776   615  449.99219   11  933  560.00000  291.82097  47.9%   272   45s
   788   626  300.56151   16  929  560.00000  297.92356  46.8%   340   50s
   807   640  335.06842   19  874  560.00000  297.96578  46.8%   391   57s
   827   648  333.46090   21  844  560.00000  297.96578  46.8%   419   61s
H  886   635                     558.0000000  297.96578  46.6%   447   64s
*  889   604              38     522.0000000  297.96578  42.9%   447   64s
   902   624  446.18304   27  766  522.00000  298.41801  42.8%   453   67s
   951   654  331.51582   15  950  522.00000  298.52530  42.8%   455   70s
H  983   625                     515.0000000  298.52530  42.0%   476   73s
  1024   638  379.65907   17  911  515.00000  298.52530  42.0%   472   75s
  1049   632  417.75018   16 1005  515.00000  298.52530  42.0%   504   81s
  1077   644  394.29124   19  916  515.00000  298.52530  42.0%   514   85s
  1090   648  411.62291   18  960  515.00000  298.52530  42.0%   549   92s
  1112   659  421.85764   25  878  515.00000  298.52530  42.0%   561   96s
  1139   657  410.30371   26  888  515.00000  298.52530  42.0%   567  101s
H 1178   626                     510.0000000  298.52530  41.5%   560  101s
H 1205   630                     509.0000000  298.52530  41.4%   572  104s
  1213   621  465.89318   36  866  509.00000  313.50609  38.4%   585  110s
  1275   639  370.44233   18  957  509.00000  313.56642  38.4%   611  116s
  1285   640  398.95017   19  924  509.00000  313.56642  38.4%   619  121s
  1337   651  491.50000   35  558  509.00000  316.81881  37.8%   625  125s
  1379   649  409.47998   20  962  509.00000  342.73187  32.7%   634  130s
  1434   659  426.60027   18  976  509.00000  344.34150  32.3%   641  135s
  1479   659  394.22776   18 1031  509.00000  352.70905  30.7%   651  141s
  1507   668  467.06546   18 1013  509.00000  352.70905  30.7%   664  147s
  1543   662  463.39363   21  959  509.00000  352.70905  30.7%   677  152s
  1576   661  492.00182   24  838  509.00000  365.01293  28.3%   693  157s
  1610   647  489.60320   21  909  509.00000  365.01293  28.3%   711  163s
  1636   637     cutoff   20       509.00000  369.13382  27.5%   719  171s
  1683   630  456.94149   19  988  509.00000  371.83987  26.9%   740  180s
  1749   633  435.60030   20  954  509.00000  373.14227  26.7%   748  185s
  1850   648  504.02927   23  922  509.00000  374.51011  26.4%   740  192s
  1922   640  504.38211   24  885  509.00000  381.76022  25.0%   747  199s
  2002   643  460.62500   22  837  509.00000  383.12726  24.7%   743  209s
  2089   651  449.96579   21  899  509.00000  385.21014  24.3%   750  216s
  2212   661  485.12838   24  873  509.00000  387.24563  23.9%   742  225s
H 2259   652                     504.0000000  387.24563  23.2%   741  225s
  2295   670     cutoff   23       504.00000  387.24563  23.2%   735  234s
  2362   685  448.81422   21  900  504.00000  394.21062  21.8%   747  241s
  2453   707     cutoff   23       504.00000  394.36215  21.8%   752  252s

Gurobi 6.5.1 (win64) logging started 06/06/16 15:54:51

Optimize a model with 11891 rows, 333769 columns and 36270 nonzeros
Coefficient statistics:
  Matrix range    [1e+00, 8e+02]
  Objective range [1e+00, 2e+02]
  Bounds range    [1e+00, 1e+00]
  RHS range       [1e+00, 4e+03]
Found heuristic solution: objective 1855
Presolve removed 8909 rows and 330556 columns
Presolve time: 0.43s
Presolved: 2982 rows, 3213 columns, 9437 nonzeros
Variable types: 0 continuous, 3213 integer (3213 binary)

Root relaxation: objective 0.000000e+00, 289 iterations, 0.06 seconds

    Nodes    |    Current Node    |     Objective Bounds      |     Work
 Expl Unexpl |  Obj  Depth IntInf | Incumbent    BestBd   Gap | It/Node Time

     0     0    0.00000    0  217 1855.00000    0.00000   100%     -    0s
H    0     0                    1853.0000000    0.00000   100%     -    0s
H    0     0                    1847.0000000    0.00000   100%     -    0s
H    0     0                    1785.0000000    0.00000   100%     -    1s
     0     0    1.83333    0  255 1785.00000    1.83333   100%     -    1s
H    0     0                    1473.0000000    1.83333   100%     -    1s
H    0     0                    1455.0000000    1.83333   100%     -    1s
     0     0    1.83333    0  255 1455.00000    1.83333   100%     -    1s
     0     0    3.00000    0  233 1455.00000    3.00000   100%     -    1s
H    0     0                    1398.0000000    3.00000   100%     -    1s
H    0     0                    1397.0000000    3.00000   100%     -    1s
     0     0    4.25000    0  243 1397.00000    4.25000   100%     -    1s
     0     0    7.41667    0  282 1397.00000    7.41667  99.5%     -    1s
     0     0   22.32353    0  365 1397.00000   22.32353  98.4%     -    2s
     0     0   49.86275    0  427 1397.00000   49.86275  96.4%     -    2s
     0     0   53.79866    0  434 1397.00000   53.79866  96.1%     -    2s
     0     0   69.77625    0  493 1397.00000   69.77625  95.0%     -    3s
H    0     0                    1396.0000000   69.77625  95.0%     -    3s
     0     0   74.23333    0  495 1396.00000   74.23333  94.7%     -    3s
     0     0   85.36883    0  539 1396.00000   85.36883  93.9%     -    4s
H    0     0                    1249.0000000   85.36883  93.2%     -    4s
H    0     0                    1235.0000000   85.36883  93.1%     -    4s
     0     0   87.56261    0  553 1235.00000   87.56261  92.9%     -    4s
     0     0   94.01406    0  566 1235.00000   94.01406  92.4%     -    4s
H    0     0                    1231.0000000   94.01406  92.4%     -    4s
     0     0   95.20370    0  525 1231.00000   95.20370  92.3%     -    5s
     0     0  102.33333    0  424 1231.00000  102.33333  91.7%     -    5s
     0     0  102.66667    0  426 1231.00000  102.66667  91.7%     -    5s
     0     0  107.59700    0  617 1231.00000  107.59700  91.3%     -    5s
H    0     0                    1226.0000000  107.59700  91.2%     -   17s
     0     0  110.83333    0  487 1226.00000  110.83333  91.0%     -   17s
     0     0  113.04032    0  639 1226.00000  113.04032  90.8%     -   18s
     0     0  113.66667    0  480 1226.00000  113.66667  90.7%     -   18s
     0     0  115.29209    0  660 1226.00000  115.29209  90.6%     -   18s
     0     0  116.43006    0  649 1226.00000  116.43006  90.5%     -   18s
     0     0  117.41667    0  504 1226.00000  117.41667  90.4%     -   19s
     0     0  117.58333    0  505 1226.00000  117.58333  90.4%     -   19s
     0     0  118.25000    0  505 1226.00000  118.25000  90.4%     -   19s
     0     0  118.25000    0  479 1226.00000  118.25000  90.4%     -   19s
H    0     0                    1216.0000000  118.25000  90.3%     -   21s
     0     2  118.25000    0  479 1216.00000  118.25000  90.3%     -   21s
     8    10  160.45443    5  654 1216.00000  145.06199  88.1%   803   25s
     9    11  225.85753    3  672 1216.00000  145.06199  88.1%  1125   41s
    19    20  175.66667    8  541 1216.00000  145.06199  88.1%  1092   45s
H   60    62                    1209.0000000  145.06199  88.0%   610   49s
    70    73  399.50000   23  654 1209.00000  145.06199  88.0%   554   50s
H   89    91                    1206.0000000  145.06199  88.0%   489   51s
H  122   122                    1175.0000000  145.06199  87.7%   400   52s
H  156   147                    1168.0000000  145.06199  87.6%   328   53s
*  186   132              59     519.0000000  145.06199  72.0%   285   54s
   214   141     cutoff   61       519.00000  147.39467  71.6%   259   55s
   236   160  388.13750    8  664  519.00000  147.39467  71.6%   309   60s
   326   229  295.00000    7  475  519.00000  149.99976  71.1%   324   65s
   400   305  431.75000   29  514  519.00000  149.99976  71.1%   337   70s
   476   345  302.75000    7  572  519.00000  163.49074  68.5%   329   76s
   520   374  404.60000    9  679  519.00000  183.98743  64.5%   337   80s
   576   410  427.26786   18  531  519.00000  183.98743  64.5%   336   85s
   641   475  335.66667   12  539  519.00000  190.95902  63.2%   328   91s
   717   524  450.48333   31  539  519.00000  190.95902  63.2%   322   95s
   754   549  491.25000   18  684  519.00000  190.95902  63.2%   315  100s
   759   553  462.16667   25  784  519.00000  206.98382  60.1%   313  106s
   761   554  360.63178   13  796  519.00000  221.40677  57.3%   312  111s
   763   555  496.50000   16  814  519.00000  236.22377  54.5%   311  115s
   767   558  459.50000   32  870  519.00000  255.00410  50.9%   309  120s
   770   560  458.25000   26  925  519.00000  261.77898  49.6%   308  126s
   772   561  452.00466   23  945  519.00000  266.72481  48.6%   307  130s
   775   563  425.25000   20  940  519.00000  273.24226  47.4%   306  136s
   777   565  382.75000   10  951  519.00000  275.94736  46.8%   305  140s
   780   567  442.95000   19  980  519.00000  279.79167  46.1%   304  145s
   783   569  496.50000   16  957  519.00000  286.01708  44.9%   303  152s
   785   570  461.83333   25  968  519.00000  287.62023  44.6%   302  155s
   788   574  288.41680   12  887  519.00000  287.63614  44.6%   358  161s
   793   577  300.52690   14  869  519.00000  293.14352  43.5%   367  165s
   802   588  314.78736   16  849  519.00000  297.88843  42.6%   386  171s
   817   591  392.90131   18  867  519.00000  297.88843  42.6%   415  175s
   839   594  361.27025   19  883  519.00000  297.88843  42.6%   441  182s
   846   598  362.32349   20  895  519.00000  297.88843  42.6%   467  185s
   860   608  407.43739   22  860  519.00000  297.88843  42.6%   500  191s
   873   614  410.03431   24  845  519.00000  297.88843  42.6%   519  195s
H  911   607                     518.0000000  297.88843  42.5%   546  199s
   915   608  423.98490   31  800  518.00000  297.88843  42.5%   548  203s
   953   626  437.96061   36  795  518.00000  297.88843  42.5%   553  206s
   999   650  507.00000   47  549  518.00000  300.80304  41.9%   570  212s
  1016   647  371.33395   17  965  518.00000  300.80304  41.9%   587  216s
  1058   672  372.93184   18  962  518.00000  300.80304  41.9%   610  226s
  1135   708  409.51271   19  889  518.00000  300.80304  41.9%   631  233s
  1192   725  409.49881   20  908  518.00000  300.80304  41.9%   629  237s
H 1197   706                     516.0000000  300.80304  41.7%   629  237s
  1236   695  415.84269   23  927  516.00000  300.80304  41.7%   630  242s
  1272   707  486.52778   25  823  516.00000  300.80304  41.7%   642  246s
  1328   739  510.65132   44  790  516.00000  345.39485  33.1%   643  251s
  1357   742  406.79155   17  936  516.00000  351.30741  31.9%   653  256s
  1388   747  508.96719   24  818  516.00000  353.52985  31.5%   666  262s
  1426   745  465.93486   20  914  516.00000  354.38143  31.3%   674  268s
  1493   775  417.75058   19  900  516.00000  362.28991  29.8%   672  274s
  1562   785  406.13253   18  933  516.00000  366.61657  29.0%   671  281s
  1608   792  417.76296   19  959  516.00000  369.74119  28.3%   678  288s
  1609   791  418.07064   19  953  516.00000  369.74119  28.3%   679  290s
  1661   789  434.33555   21  939  516.00000  369.74119  28.3%   685  297s
  1727   805     cutoff   30       516.00000  389.11364  24.6%   688  305s
  1805   806  434.41462   19  990  516.00000  391.01118  24.2%   680  315s
  1873   804  437.66756   23  947  516.00000  392.94928  23.8%   684  332s
  1933   810  468.70800   20  922  516.00000  394.01506  23.6%   692  344s
  2011   815  503.07359   23  935  516.00000  395.15232  23.4%   698  357s
H 2049   789                     515.0000000  397.43045  22.8%   698  357s
  2050   782  474.05365   22  864  515.00000  398.10714  22.7%   698  367s
  2158   783     cutoff   25       515.00000  400.16417  22.3%   693  377s
  2234   764  465.28139   23  817  515.00000  400.74004  22.2%   698  388s
  2354   830  480.71396   26  797  515.00000  401.78626  22.0%   694  399s
  2419   842  509.19444   25  759  515.00000  402.94347  21.8%   704  409s
  2495   847  494.29054   22  814  515.00000  403.82978  21.6%   710  421s
  2570   868  509.84716   20  935  515.00000  406.15678  21.1%   720  465s
H 2588   836                     509.0000000  406.15678  20.2%   720  465s
  2605   829  502.23694   21  920  509.00000  406.64001  20.1%   725  477s
  2666   836  465.40531   21  942  509.00000  409.19394  19.6%   736  490s
  2750   844     cutoff   23       509.00000  409.60993  19.5%   743  503s
  2877   867  466.14947   24  959  509.00000  411.90093  19.1%   742  516s

Gurobi 6.5.1 (win64) logging started 06/06/16 17:38:10

Optimize a model with 11891 rows, 333769 columns and 36270 nonzeros
Coefficient statistics:
  Matrix range    [1e+00, 8e+02]
  Objective range [1e+00, 2e+02]
  Bounds range    [1e+00, 1e+00]
  RHS range       [1e+00, 4e+03]
Found heuristic solution: objective 1855
Presolve removed 8909 rows and 330556 columns
Presolve time: 0.37s
Presolved: 2982 rows, 3213 columns, 9437 nonzeros
Variable types: 0 continuous, 3213 integer (3213 binary)

Root relaxation: objective 0.000000e+00, 289 iterations, 0.03 seconds

    Nodes    |    Current Node    |     Objective Bounds      |     Work
 Expl Unexpl |  Obj  Depth IntInf | Incumbent    BestBd   Gap | It/Node Time

     0     0    0.00000    0  217 1855.00000    0.00000   100%     -    0s
H    0     0                    1853.0000000    0.00000   100%     -    0s
H    0     0                    1847.0000000    0.00000   100%     -    0s
H    0     0                    1785.0000000    0.00000   100%     -    0s
     0     0    1.83333    0  255 1785.00000    1.83333   100%     -    0s
H    0     0                    1473.0000000    1.83333   100%     -    0s
H    0     0                    1455.0000000    1.83333   100%     -    1s
     0     0    1.83333    0  255 1455.00000    1.83333   100%     -    1s
     0     0    3.00000    0  233 1455.00000    3.00000   100%     -    1s
H    0     0                    1398.0000000    3.00000   100%     -    1s
H    0     0                    1397.0000000    3.00000   100%     -    1s
     0     0    4.25000    0  243 1397.00000    4.25000   100%     -    1s
     0     0    7.41667    0  282 1397.00000    7.41667  99.5%     -    1s
     0     0   22.32353    0  365 1397.00000   22.32353  98.4%     -    1s
     0     0   49.86275    0  427 1397.00000   49.86275  96.4%     -    2s
     0     0   53.79866    0  434 1397.00000   53.79866  96.1%     -    2s
     0     0   69.77625    0  493 1397.00000   69.77625  95.0%     -    3s
H    0     0                    1396.0000000   69.77625  95.0%     -    3s
     0     0   74.23333    0  495 1396.00000   74.23333  94.7%     -    3s
     0     0   85.36883    0  539 1396.00000   85.36883  93.9%     -    3s
H    0     0                    1249.0000000   85.36883  93.2%     -    3s
H    0     0                    1235.0000000   85.36883  93.1%     -    3s
     0     0   87.56261    0  553 1235.00000   87.56261  92.9%     -    3s
     0     0   94.01406    0  566 1235.00000   94.01406  92.4%     -    4s
H    0     0                    1231.0000000   94.01406  92.4%     -    4s
     0     0   95.20370    0  525 1231.00000   95.20370  92.3%     -    4s
     0     0  102.33333    0  424 1231.00000  102.33333  91.7%     -    4s
     0     0  102.66667    0  426 1231.00000  102.66667  91.7%     -    5s
     0     0  107.59700    0  617 1231.00000  107.59700  91.3%     -    5s
H    0     0                    1226.0000000  107.59700  91.2%     -    5s
     0     0  110.83333    0  487 1226.00000  110.83333  91.0%     -    5s
     0     0  113.04032    0  639 1226.00000  113.04032  90.8%     -    6s
     0     0  113.66667    0  480 1226.00000  113.66667  90.7%     -    6s
     0     0  115.29209    0  660 1226.00000  115.29209  90.6%     -    6s
     0     0  116.43006    0  649 1226.00000  116.43006  90.5%     -    6s
     0     0  117.41667    0  504 1226.00000  117.41667  90.4%     -    7s
     0     0  117.58333    0  505 1226.00000  117.58333  90.4%     -   31s
     0     0  118.25000    0  505 1226.00000  118.25000  90.4%     -   31s
     0     0  118.25000    0  479 1226.00000  118.25000  90.4%     -   32s
H    0     0                    1216.0000000  118.25000  90.3%     -   33s
     0     2  118.25000    0  479 1216.00000  118.25000  90.3%     -   34s
     2     4  137.18718    1  613 1216.00000  137.18718  88.7%  1056   35s
    15    18  321.00714    6  617 1216.00000  145.06199  88.1%  1039   40s
    42    43  356.37500   17  674 1216.00000  145.06199  88.1%   777   45s
H   60    62                    1209.0000000  145.06199  88.0%   610   46s
H   89    91                    1206.0000000  145.06199  88.0%   489   48s
H  122   122                    1175.0000000  145.06199  87.7%   400   49s
H  156   147                    1168.0000000  145.06199  87.6%   328   49s
   176   170  509.50000   51  356 1168.00000  145.06199  87.6%   298   50s
*  186   132              59     519.0000000  145.06199  72.0%   285   50s
   236   160  388.13750    8  664  519.00000  147.39467  71.6%   309   55s
   311   216  256.18888    3  691  519.00000  149.99976  71.1%   298   61s
   335   239  305.76875   10  661  519.00000  149.99976  71.1%   333   66s
   365   269  426.22377   19  663  519.00000  149.99976  71.1%   349   70s
   451   338  200.76190    4  610  519.00000  163.49074  68.5%   323   75s
   499   365  334.13449    6  755  519.00000  183.98743  64.5%   338   80s
   537   379  378.54167    9  637  519.00000  183.98743  64.5%   344   85s
   615   441  484.82143   31  491  519.00000  190.95902  63.2%   331   91s
   663   486  356.16667   21  587  519.00000  190.95902  63.2%   331   95s
   751   547  398.75000   26  582  519.00000  190.95902  63.2%   316  100s
   757   551  382.75000   10  749  519.00000  193.93839  62.6%   313  105s
   761   554  360.63178   13  796  519.00000  221.40677  57.3%   312  112s
   763   555  496.50000   16  814  519.00000  236.22377  54.5%   311  117s
   765   557  461.83333   25  851  519.00000  248.28028  52.2%   310  122s
   767   558  459.50000   32  870  519.00000  255.00410  50.9%   309  125s
   771   561  398.75000   26  910  519.00000  265.53652  48.8%   308  130s
   774   563  491.25000   18  959  519.00000  270.24678  47.9%   306  136s
   776   564  274.14356    4  960  519.00000  274.14356  47.2%   306  140s
   780   567  442.95000   19  980  519.00000  279.79167  46.1%   304  145s
   783   569  496.50000   16  957  519.00000  286.01708  44.9%   303  150s
   788   574  288.41680   12  887  519.00000  287.63614  44.6%   358  155s
   795   581  297.61286   15  844  519.00000  297.61286  42.7%   369  160s
   810   591  325.87105   17  875  519.00000  297.88843  42.6%   399  165s
   826   593  344.87479   18  869  519.00000  297.88843  42.6%   432  170s
   846   598  362.32349   20  895  519.00000  297.88843  42.6%   467  177s
   854   603  403.38661   21  873  519.00000  297.88843  42.6%   484  180s
   873   614  410.03431   24  845  519.00000  297.88843  42.6%   519  188s
   892   625  420.86082   27  843  519.00000  297.88843  42.6%   540  192s
H  911   607                     518.0000000  297.88843  42.5%   546  192s
   915   608  423.98490   31  800  518.00000  297.88843  42.5%   548  196s
   976   643  469.00000   44  581  518.00000  297.88843  42.5%   564  202s
   999   650  507.00000   47  549  518.00000  300.80304  41.9%   570  205s
  1029   659  400.12646   18  900  518.00000  300.80304  41.9%   607  212s
  1058   672  372.93184   18  962  518.00000  300.80304  41.9%   610  219s
  1098   686  437.18276   19  924  518.00000  300.80304  41.9%   627  223s
  1135   708  409.51271   19  889  518.00000  300.80304  41.9%   631  226s
  1192   725  409.49881   20  908  518.00000  300.80304  41.9%   629  231s
H 1197   706                     516.0000000  300.80304  41.7%   629  231s
  1236   695  415.84269   23  927  516.00000  300.80304  41.7%   630  235s
  1328   739  510.65132   44  790  516.00000  345.39485  33.1%   643  244s
  1357   742  406.79155   17  936  516.00000  351.30741  31.9%   653  249s
  1388   747  508.96719   24  818  516.00000  353.52985  31.5%   666  254s
  1426   745  465.93486   20  914  516.00000  354.38143  31.3%   674  261s
  1493   775  417.75058   19  900  516.00000  362.28991  29.8%   672  267s
  1562   785  406.13253   18  933  516.00000  366.61657  29.0%   671  274s
  1608   792  417.76296   19  959  516.00000  369.74119  28.3%   678  281s
  1661   789  434.33555   21  939  516.00000  369.74119  28.3%   685  286s
  1727   805     cutoff   30       516.00000  389.11364  24.6%   688  293s
  1805   806  434.41462   19  990  516.00000  391.01118  24.2%   680  299s
  1873   804  437.66756   23  947  516.00000  392.94928  23.8%   684  307s
  1933   810  468.70800   20  922  516.00000  394.01506  23.6%   692  315s
  2011   815  503.07359   23  935  516.00000  395.15232  23.4%   698  324s
H 2049   789                     515.0000000  397.43045  22.8%   698  324s
  2050   782  474.05365   22  864  515.00000  398.10714  22.7%   698  332s
  2158   783     cutoff   25       515.00000  400.16417  22.3%   693  340s
  2234   764  465.28139   23  817  515.00000  400.74004  22.2%   698  349s
  2354   830  480.71396   26  797  515.00000  401.78626  22.0%   694  358s
  2419   842  509.19444   25  759  515.00000  402.94347  21.8%   704  367s
  2495   847  494.29054   22  814  515.00000  403.82978  21.6%   710  377s
  2570   868  509.84716   20  935  515.00000  406.15678  21.1%   720  397s
H 2588   836                     509.0000000  406.15678  20.2%   720  397s
  2605   829  502.23694   21  920  509.00000  406.64001  20.1%   725  406s
  2666   836  465.40531   21  942  509.00000  409.19394  19.6%   736  417s
  2750   844     cutoff   23       509.00000  409.60993  19.5%   743  427s
  2877   867  466.14947   24  959  509.00000  411.90093  19.1%   742  440s
  2974   886  473.17260   20  909  509.00000  413.91000  18.7%   748  452s
  3059   876  497.15000   25  726  509.00000  416.49351  18.2%   757  467s
  3183   902  498.25104   22  889  509.00000  418.39883  17.8%   759  482s
  3330   939     cutoff   22       509.00000  421.00400  17.3%   758  500s
H 3359   932                     508.0000000  421.00400  17.1%   755  500s
  3392   921 infeasible   24       508.00000  421.21663  17.1%   755  516s
  3553   947     cutoff   25       508.00000  422.43274  16.8%   753  530s
  3695   966     cutoff   22       508.00000  425.50897  16.2%   757  545s
  3847   973  493.45229   29  801  508.00000  429.47144  15.5%   758  561s
  4006   994  476.21950   22  959  508.00000  431.31232  15.1%   760  578s
  4164   992  461.42610   26  805  508.00000  434.23761  14.5%   764  595s
  4396  1018  495.69565   34  788  508.00000  436.77336  14.0%   757  619s
H 4430   979                     504.0000000  437.23052  13.2%   756  619s
  4485   972     cutoff   25       504.00000  437.59813  13.2%   754  637s
  4670   963     cutoff   27       504.00000  440.25209  12.6%   756  656s
  4901   947     cutoff   27       504.00000  442.93333  12.1%   752  677s
  5149   943     cutoff   22       504.00000  446.86116  11.3%   749  697s
  5452   956  488.14065   26  908  504.00000  450.12500  10.7%   740  721s
  5897   998  491.30570   32  918  504.00000  451.47500  10.4%   717  744s
  6406  1030  499.33333   25  854  504.00000  458.74043  8.98%   693  768s
  6960  1062     cutoff   34       504.00000  462.43984  8.25%   670  797s
  7257  1018     cutoff   22       504.00000  462.88574  8.16%   659  819s
  7707   998     cutoff   37       504.00000  467.54375  7.23%   645  836s
  8101   949  489.92683   30  772  504.00000  470.40849  6.66%   632  853s
  8483   895     cutoff   25       504.00000  473.39384  6.07%   620  867s
  8783   827     cutoff   22       504.00000  476.38945  5.48%   611  878s
* 8833   801              37     502.0000000  476.38945  5.10%   610  878s
  9050   737     cutoff   27       502.00000  479.25491  4.53%   605  888s
  9256   661     cutoff   26       502.00000  481.11111  4.16%   599  896s
